08:44:53.613 INFO  - Project 'basic_system_hw_platform' created. You can now create BSPs and application projects targeting this hardware platform. 
08:45:29.358 INFO  - FPGA configured successfully with bitstream "D:/work/lprs2/2013_2014/Resene_vezbe/lab56/basic_system/SDK/SDK_Workspace/basic_system_hw_platform/download.bit" 
09:12:40.940 INFO  - Saving repository preferences. 
09:12:40.942 INFO  - Reading in cores from global repositories: 
		 D:\work\lprs2\2013_2014\Resene_vezbe\lab56 
09:12:40.947 INFO  - Updating libgen.options on all BSP projects. 
09:12:40.948 INFO  - Cleaning BSP projects in the workspace. 
09:14:22.175 INFO  - Saving repository preferences. 
09:14:22.178 INFO  - Reading in cores from local repositories: 
		 D:\work\lprs2\2013_2014\Resene_vezbe\lab56\basic_system\pcores 
09:14:22.187 INFO  - Updating libgen.options on all BSP projects. 
09:14:22.189 INFO  - Cleaning BSP projects in the workspace. 
10:20:50.218 INFO  - Project basic_system_hw_platform's source hardware specification located at D:\work\lprs2\2013_2014\Resene_vezbe\lab56\basic_system\SDK\SDK_Export\hw\system.xml is now different from the local copy.
		 The local copy will be replaced with the source specification and your workspace will be updated. 
10:20:58.641 INFO  - Copied contents of D:\work\lprs2\2013_2014\Resene_vezbe\lab56\basic_system\SDK\SDK_Export\hw\system.xml into \basic_system_hw_platform\system.xml. 
10:20:58.647 INFO  - Copied contents of D:\work\lprs2\2013_2014\Resene_vezbe\lab56\basic_system\SDK\SDK_Export\hw\system.bit into \basic_system_hw_platform\system.bit. 
10:20:58.649 INFO  - Copied contents of D:\work\lprs2\2013_2014\Resene_vezbe\lab56\basic_system\SDK\SDK_Export\hw\system_bd.bmm into \basic_system_hw_platform\system_bd.bmm. 
10:20:58.937 INFO  - Synchronizing projects in the workspace with the hardware platform specification changes. 
10:21:00.535 INFO  - Updating hardware inferred compiler options for hello_world. 
10:21:00.565 INFO  - Clearing existing target manager status. 
10:21:00.566 INFO  - Closing and re-opening the MSS file of ther project hello_world_bsp 
10:21:01.745 INFO  - Workspace synchronized with the new hardware specification file. Cleaning dependent projects... 
10:21:22.252 INFO  - FPGA configured successfully with bitstream "D:/work/lprs2/2013_2014/Resene_vezbe/lab56/basic_system/SDK/SDK_Workspace/basic_system_hw_platform/download.bit" 
11:12:41.053 INFO  - Project basic_system_hw_platform's source hardware specification located at D:\work\lprs2\2013_2014\Resene_vezbe\lab56\basic_system\SDK\SDK_Export\hw\system.xml is now different from the local copy.
		 The local copy will be replaced with the source specification and your workspace will be updated. 
11:13:00.178 INFO  - Copied contents of D:\work\lprs2\2013_2014\Resene_vezbe\lab56\basic_system\SDK\SDK_Export\hw\system.xml into \basic_system_hw_platform\system.xml. 
11:13:00.185 INFO  - Copied contents of D:\work\lprs2\2013_2014\Resene_vezbe\lab56\basic_system\SDK\SDK_Export\hw\system.bit into \basic_system_hw_platform\system.bit. 
11:13:00.188 INFO  - Copied contents of D:\work\lprs2\2013_2014\Resene_vezbe\lab56\basic_system\SDK\SDK_Export\hw\system_bd.bmm into \basic_system_hw_platform\system_bd.bmm. 
11:13:00.696 INFO  - Synchronizing projects in the workspace with the hardware platform specification changes. 
11:13:01.462 INFO  - Updating MSS for Board Support Package Project: hello_world_bsp.
		 The following driver assignments were removed:
			Peripheral Instance: vga_periph_0, driver: generic_v1_00_a.
		 The following new driver assignments were made:
			Peripheral Instance: vga_periph_mem_0, driver: generic_v1_00_a.
 
11:13:02.245 INFO  - Updating hardware inferred compiler options for hello_world. 
11:13:02.246 INFO  - Clearing existing target manager status. 
11:13:02.247 INFO  - Closing and re-opening the MSS file of ther project hello_world_bsp 
11:13:03.421 INFO  - Workspace synchronized with the new hardware specification file. Cleaning dependent projects... 
11:29:41.953 INFO  - Project basic_system_hw_platform's source hardware specification located at D:\work\lprs2\2013_2014\Resene_vezbe\lab56\basic_system\SDK\SDK_Export\hw\system.xml is now different from the local copy.
		 The local copy will be replaced with the source specification and your workspace will be updated. 
11:29:48.055 INFO  - Copied contents of D:\work\lprs2\2013_2014\Resene_vezbe\lab56\basic_system\SDK\SDK_Export\hw\system.xml into \basic_system_hw_platform\system.xml. 
11:29:48.062 INFO  - Copied contents of D:\work\lprs2\2013_2014\Resene_vezbe\lab56\basic_system\SDK\SDK_Export\hw\system.bit into \basic_system_hw_platform\system.bit. 
11:29:48.065 INFO  - Copied contents of D:\work\lprs2\2013_2014\Resene_vezbe\lab56\basic_system\SDK\SDK_Export\hw\system_bd.bmm into \basic_system_hw_platform\system_bd.bmm. 
11:29:48.345 INFO  - Synchronizing projects in the workspace with the hardware platform specification changes. 
11:29:49.956 INFO  - Updating hardware inferred compiler options for hello_world. 
11:29:50.005 INFO  - Clearing existing target manager status. 
11:29:50.005 INFO  - Closing and re-opening the MSS file of ther project hello_world_bsp 
11:29:51.181 INFO  - Workspace synchronized with the new hardware specification file. Cleaning dependent projects... 
11:30:12.494 INFO  - FPGA configured successfully with bitstream "D:/work/lprs2/2013_2014/Resene_vezbe/lab56/basic_system/SDK/SDK_Workspace/basic_system_hw_platform/download.bit" 
11:49:15.795 INFO  - Updating .bit and .bmm files from XPS's export folder. 
11:49:17.124 INFO  - Copied contents of D:\work\lprs2\2013_2014\Resene_vezbe\lab56\basic_system\SDK\SDK_Export\hw\system.bit into \basic_system_hw_platform\system.bit. 
11:49:17.127 INFO  - Copied contents of D:\work\lprs2\2013_2014\Resene_vezbe\lab56\basic_system\SDK\SDK_Export\hw\system_bd.bmm into \basic_system_hw_platform\system_bd.bmm. 
11:49:35.456 INFO  - FPGA configured successfully with bitstream "D:/work/lprs2/2013_2014/Resene_vezbe/lab56/basic_system/SDK/SDK_Workspace/basic_system_hw_platform/download.bit" 
13:48:02.945 INFO  - Updating .bit and .bmm files from XPS's export folder. 
13:48:06.532 INFO  - Copied contents of D:\work\lprs2\2013_2014\Resene_vezbe\lab56\basic_system\SDK\SDK_Export\hw\system.bit into \basic_system_hw_platform\system.bit. 
13:48:06.536 INFO  - Copied contents of D:\work\lprs2\2013_2014\Resene_vezbe\lab56\basic_system\SDK\SDK_Export\hw\system_bd.bmm into \basic_system_hw_platform\system_bd.bmm. 
13:48:23.182 INFO  - FPGA configured successfully with bitstream "D:/work/lprs2/2013_2014/Resene_vezbe/lab56/basic_system/SDK/SDK_Workspace/basic_system_hw_platform/download.bit" 
13:50:49.565 INFO  - FPGA configured successfully with bitstream "D:/work/lprs2/2013_2014/Resene_vezbe/lab56/basic_system/SDK/SDK_Workspace/basic_system_hw_platform/download.bit" 
13:51:46.892 INFO  - FPGA configured successfully with bitstream "D:/work/lprs2/2013_2014/Resene_vezbe/lab56/basic_system/SDK/SDK_Workspace/basic_system_hw_platform/download.bit" 
13:52:19.025 INFO  - FPGA configured successfully with bitstream "D:/work/lprs2/2013_2014/Resene_vezbe/lab56/basic_system/SDK/SDK_Workspace/basic_system_hw_platform/download.bit" 
13:53:55.309 INFO  - FPGA configured successfully with bitstream "D:/work/lprs2/2013_2014/Resene_vezbe/lab56/basic_system/SDK/SDK_Workspace/basic_system_hw_platform/download.bit" 
14:13:56.924 INFO  - Project basic_system_hw_platform's source hardware specification located at D:\work\lprs2\2013_2014\Resene_vezbe\lab56\basic_system\SDK\SDK_Export\hw\system.xml is now different from the local copy.
		 The local copy will be replaced with the source specification and your workspace will be updated. 
14:14:20.614 INFO  - Copied contents of D:\work\lprs2\2013_2014\Resene_vezbe\lab56\basic_system\SDK\SDK_Export\hw\system.xml into \basic_system_hw_platform\system.xml. 
14:14:20.618 INFO  - Copied contents of D:\work\lprs2\2013_2014\Resene_vezbe\lab56\basic_system\SDK\SDK_Export\hw\system.bit into \basic_system_hw_platform\system.bit. 
14:14:20.620 INFO  - Copied contents of D:\work\lprs2\2013_2014\Resene_vezbe\lab56\basic_system\SDK\SDK_Export\hw\system_bd.bmm into \basic_system_hw_platform\system_bd.bmm. 
14:14:20.912 INFO  - Synchronizing projects in the workspace with the hardware platform specification changes. 
14:14:22.453 INFO  - Updating hardware inferred compiler options for hello_world. 
14:14:22.455 INFO  - Clearing existing target manager status. 
14:14:22.455 INFO  - Closing and re-opening the MSS file of ther project hello_world_bsp 
14:14:23.627 INFO  - Workspace synchronized with the new hardware specification file. Cleaning dependent projects... 
14:15:05.263 INFO  - FPGA configured successfully with bitstream "D:/work/lprs2/2013_2014/Resene_vezbe/lab56/basic_system/SDK/SDK_Workspace/basic_system_hw_platform/download.bit" 
14:20:22.405 INFO  - Updating .bit and .bmm files from XPS's export folder. 
14:20:24.494 INFO  - Copied contents of D:\work\lprs2\2013_2014\Resene_vezbe\lab56\basic_system\SDK\SDK_Export\hw\system.bit into \basic_system_hw_platform\system.bit. 
14:20:24.497 INFO  - Copied contents of D:\work\lprs2\2013_2014\Resene_vezbe\lab56\basic_system\SDK\SDK_Export\hw\system_bd.bmm into \basic_system_hw_platform\system_bd.bmm. 
14:20:39.871 INFO  - FPGA configured successfully with bitstream "D:/work/lprs2/2013_2014/Resene_vezbe/lab56/basic_system/SDK/SDK_Workspace/basic_system_hw_platform/download.bit" 
14:28:08.588 INFO  - FPGA configured successfully with bitstream "D:/work/lprs2/2013_2014/Resene_vezbe/lab56/basic_system/SDK/SDK_Workspace/basic_system_hw_platform/download.bit" 
14:33:12.049 INFO  - FPGA configured successfully with bitstream "D:/work/lprs2/2013_2014/Resene_vezbe/lab56/basic_system/SDK/SDK_Workspace/basic_system_hw_platform/download.bit" 
14:41:31.698 INFO  - Updating .bit and .bmm files from XPS's export folder. 
14:41:33.069 INFO  - Copied contents of D:\work\lprs2\2013_2014\Resene_vezbe\lab56\basic_system\SDK\SDK_Export\hw\system.bit into \basic_system_hw_platform\system.bit. 
14:41:33.072 INFO  - Copied contents of D:\work\lprs2\2013_2014\Resene_vezbe\lab56\basic_system\SDK\SDK_Export\hw\system_bd.bmm into \basic_system_hw_platform\system_bd.bmm. 
14:42:14.443 INFO  - FPGA configured successfully with bitstream "D:/work/lprs2/2013_2014/Resene_vezbe/lab56/basic_system/SDK/SDK_Workspace/basic_system_hw_platform/download.bit" 
14:52:24.180 INFO  - Updating .bit and .bmm files from XPS's export folder. 
14:52:28.565 INFO  - Copied contents of D:\work\lprs2\2013_2014\Resene_vezbe\lab56\basic_system\SDK\SDK_Export\hw\system.bit into \basic_system_hw_platform\system.bit. 
14:52:28.575 INFO  - Copied contents of D:\work\lprs2\2013_2014\Resene_vezbe\lab56\basic_system\SDK\SDK_Export\hw\system_bd.bmm into \basic_system_hw_platform\system_bd.bmm. 
14:52:41.579 INFO  - FPGA configured successfully with bitstream "D:/work/lprs2/2013_2014/Resene_vezbe/lab56/basic_system/SDK/SDK_Workspace/basic_system_hw_platform/download.bit" 
14:58:50.736 INFO  - Updating .bit and .bmm files from XPS's export folder. 
14:58:52.773 INFO  - Copied contents of D:\work\lprs2\2013_2014\Resene_vezbe\lab56\basic_system\SDK\SDK_Export\hw\system.bit into \basic_system_hw_platform\system.bit. 
14:58:52.777 INFO  - Copied contents of D:\work\lprs2\2013_2014\Resene_vezbe\lab56\basic_system\SDK\SDK_Export\hw\system_bd.bmm into \basic_system_hw_platform\system_bd.bmm. 
14:59:07.267 INFO  - FPGA configured successfully with bitstream "D:/work/lprs2/2013_2014/Resene_vezbe/lab56/basic_system/SDK/SDK_Workspace/basic_system_hw_platform/download.bit" 
15:04:56.224 INFO  - Updating .bit and .bmm files from XPS's export folder. 
15:04:57.689 INFO  - Copied contents of D:\work\lprs2\2013_2014\Resene_vezbe\lab56\basic_system\SDK\SDK_Export\hw\system.bit into \basic_system_hw_platform\system.bit. 
15:04:57.691 INFO  - Copied contents of D:\work\lprs2\2013_2014\Resene_vezbe\lab56\basic_system\SDK\SDK_Export\hw\system_bd.bmm into \basic_system_hw_platform\system_bd.bmm. 
15:05:08.672 INFO  - FPGA configured successfully with bitstream "D:/work/lprs2/2013_2014/Resene_vezbe/lab56/basic_system/SDK/SDK_Workspace/basic_system_hw_platform/download.bit" 
15:25:24.620 INFO  - Updating .bit and .bmm files from XPS's export folder. 
15:25:30.347 INFO  - Copied contents of D:\work\lprs2\2013_2014\Resene_vezbe\lab56\basic_system\SDK\SDK_Export\hw\system.bit into \basic_system_hw_platform\system.bit. 
15:25:30.351 INFO  - Copied contents of D:\work\lprs2\2013_2014\Resene_vezbe\lab56\basic_system\SDK\SDK_Export\hw\system_bd.bmm into \basic_system_hw_platform\system_bd.bmm. 
15:25:43.495 INFO  - FPGA configured successfully with bitstream "D:/work/lprs2/2013_2014/Resene_vezbe/lab56/basic_system/SDK/SDK_Workspace/basic_system_hw_platform/download.bit" 
15:43:36.753 INFO  - Updating .bit and .bmm files from XPS's export folder. 
15:43:38.947 INFO  - Copied contents of D:\work\lprs2\2013_2014\Resene_vezbe\lab56\basic_system\SDK\SDK_Export\hw\system.bit into \basic_system_hw_platform\system.bit. 
15:43:38.950 INFO  - Copied contents of D:\work\lprs2\2013_2014\Resene_vezbe\lab56\basic_system\SDK\SDK_Export\hw\system_bd.bmm into \basic_system_hw_platform\system_bd.bmm. 
15:43:56.424 INFO  - FPGA configured successfully with bitstream "D:/work/lprs2/2013_2014/Resene_vezbe/lab56/basic_system/SDK/SDK_Workspace/basic_system_hw_platform/download.bit" 
09:01:25.990 INFO  - FPGA configured successfully with bitstream "D:/work/lprs2/2013_2014/Resene_vezbe/lab56/basic_system/SDK/SDK_Workspace/basic_system_hw_platform/download.bit" 
09:14:34.380 ERROR - Unexpected error while parsing XMD response ?: com.google.gson.JsonSyntaxException: com.google.gson.stream.MalformedJsonException: invalid number or unquoted string near  
09:14:54.209 INFO  - Restoring local repository preferences: 
		 D:\work\lprs2\2013_2014\Resene_vezbe\lab56\basic_system\pcores 
09:15:23.771 INFO  - Saving repository preferences. 
09:15:26.363 INFO  - Saving repository preferences. 
09:15:26.919 INFO  - Saving repository preferences. 
09:26:48.223 ERROR - Unable to read in MSS file D:\work\lprs2\2013_2014\Resene_vezbe\lab56\basic_system\SDK\SDK_Workspace\hello_world_bsp\system.mss. 
09:27:40.760 INFO  - Saving repository preferences. 
09:27:40.762 INFO  - Updating libgen.options on all BSP projects. 
09:27:40.764 INFO  - Cleaning BSP projects in the workspace. 
09:27:41.087 ERROR - Unable to read in MSS file D:\work\lprs2\2013_2014\Resene_vezbe\lab56\basic_system\SDK\SDK_Workspace\hello_world_bsp\system.mss. 
09:28:59.623 INFO  - Saving repository preferences. 
09:28:59.626 INFO  - Reading in cores from local repositories: 
		 D:\work\lprs2\2013_2014\Resene_vezbe\lab56 
09:28:59.636 INFO  - Updating libgen.options on all BSP projects. 
09:28:59.639 INFO  - Cleaning BSP projects in the workspace. 
09:29:28.380 INFO  - Settings changed on project hello_world_bsp. Triggering a rebuild... 
09:29:28.620 INFO  - Refreshed build settings on project hello_world 
09:29:47.883 INFO  - Settings changed on project hello_world_bsp. Triggering a rebuild... 
09:29:48.122 INFO  - Refreshed build settings on project hello_world 
09:34:45.378 INFO  - FPGA configured successfully with bitstream "D:/work/lprs2/2013_2014/Resene_vezbe/lab56/basic_system/SDK/SDK_Workspace/basic_system_hw_platform/download.bit" 
09:36:36.385 INFO  - Settings changed on project hello_world_bsp. Triggering a rebuild... 
09:36:36.629 INFO  - Refreshed build settings on project hello_world 
09:37:05.460 INFO  - Saving repository preferences. 
09:37:05.462 INFO  - Updating libgen.options on all BSP projects. 
09:37:05.464 INFO  - Cleaning BSP projects in the workspace. 
09:38:39.243 INFO  - Saving repository preferences. 
09:38:39.246 INFO  - Reading in cores from local repositories: 
		 D:\work\lprs2\2013_2014\Resene_vezbe\lab56\basic_system 
09:38:39.298 INFO  - Updating libgen.options on all BSP projects. 
09:38:39.299 INFO  - Cleaning BSP projects in the workspace. 
09:39:04.731 INFO  - Settings changed on project hello_world_bsp. Triggering a rebuild... 
09:39:04.953 INFO  - Refreshed build settings on project hello_world 
10:33:44.745 ERROR - Unexpected error while parsing XMD response ?: com.google.gson.JsonSyntaxException: com.google.gson.stream.MalformedJsonException: invalid number or unquoted string near  
10:36:10.473 ERROR - Unexpected error while parsing XMD response ?: com.google.gson.JsonSyntaxException: com.google.gson.stream.MalformedJsonException: invalid number or unquoted string near  
11:21:46.806 INFO  - Processing command line option -hwspec C:\materija\RA48-2014\lab5\SDK\SDK_Export\hw\system.xml. 
11:21:47.711 INFO  - The hardware specification for project 'basic_system_hw_platform' is different from C:\materija\RA48-2014\lab5\SDK\SDK_Export\hw\system.xml. 
11:21:47.711 INFO  - Copied contents of C:\materija\RA48-2014\lab5\SDK\SDK_Export\hw\system.xml into \basic_system_hw_platform\system.xml. 
11:21:47.726 INFO  - Copied contents of C:\materija\RA48-2014\lab5\SDK\SDK_Export\hw\system.bit into \basic_system_hw_platform\system.bit. 
11:21:47.726 INFO  - Copied contents of C:\materija\RA48-2014\lab5\SDK\SDK_Export\hw\system_bd.bmm into \basic_system_hw_platform\system_bd.bmm. 
11:21:48.101 INFO  - Synchronizing projects in the workspace with the hardware platform specification changes. 
11:21:49.099 INFO  - Restoring local repository preferences: 
		 D:\work\lprs2\2013_2014\Resene_vezbe\lab56\basic_system 
11:21:50.175 INFO  - Updating hardware inferred compiler options for hello_world. 
11:21:50.191 INFO  - Clearing existing target manager status. 
11:21:56.993 ERROR - Unable to read in MSS file C:\materija\RA48-2014\lab5\SDK\SDK_Workspace\hello_world_bsp\system.mss. 
11:22:38.023 ERROR - Unable to read in MSS file C:\materija\RA48-2014\lab5\SDK\SDK_Workspace\hello_world_bsp\system.mss. 
11:23:16.761 ERROR - Unable to read in MSS file C:\materija\RA48-2014\lab5\SDK\SDK_Workspace\hello_world_bsp\system.mss. 
11:23:41.351 ERROR - Unable to read in MSS file C:\materija\RA48-2014\lab5\SDK\SDK_Workspace\hello_world_bsp\system.mss. 
11:23:41.351 ERROR - Unable to read in MSS file C:\materija\RA48-2014\lab5\SDK\SDK_Workspace\hello_world_bsp\system.mss. 
11:23:41.397 WARN  - Unable to determine location of documentation for OS . 
11:23:41.397 ERROR - Unable to read in MSS file C:\materija\RA48-2014\lab5\SDK\SDK_Workspace\hello_world_bsp\system.mss. 
11:23:41.397 ERROR - Unable to read in MSS file C:\materija\RA48-2014\lab5\SDK\SDK_Workspace\hello_world_bsp\system.mss. 
11:25:24.860 INFO  - Settings changed on project hello_world_bsp. Triggering a rebuild... 
11:25:55.447 ERROR - Unexpected error while parsing XMD response ?: com.google.gson.JsonSyntaxException: com.google.gson.stream.MalformedJsonException: invalid number or unquoted string near  
11:26:11.265 INFO  - Processing command line option -hwspec C:\materija\RA48-2014\lab5\SDK\SDK_Export\hw\system.xml. 
11:26:59.762 INFO  - FPGA configured successfully with bitstream "C:/materija/RA48-2014/lab5/SDK/SDK_Workspace/basic_system_hw_platform/download.bit" 
11:29:52.938 ERROR - Unexpected error while launching program. java.lang.RuntimeException: Invalid Target ID
    Target '0' Does NOT exist in the Current System


	at com.xilinx.sdk.targetmanager.internal.TM.continueExecution(Unknown Source)
	at com.xilinx.sdk.debug.core.internal.AppRunner.run(Unknown Source)

11:30:52.721 INFO  - Time out for XMD transaction is 60000
If you want to increase the timeout value, goto Windows-> Preferences -> Xilinx SDK -> XMD Startup 
11:30:52.721 ERROR - Timeout occured while waiting to get reply for command "xcontinue 0 0x0 -status_on_stop" 
11:30:52.721 ERROR - Unexpected error while launching program. java.lang.RuntimeException: 
	at com.xilinx.sdk.targetmanager.internal.TM.continueExecution(Unknown Source)
	at com.xilinx.sdk.debug.core.internal.AppRunner.run(Unknown Source)

11:31:28.979 INFO  - Processing command line option -hwspec C:\materija\RA48-2014\lab5\SDK\SDK_Export\hw\system.xml. 
11:31:38.463 INFO  - Restoring local repository preferences: 
		 D:\work\lprs2\2013_2014\Resene_vezbe\lab56\basic_system 
11:32:18.856 INFO  - FPGA configured successfully with bitstream "C:/materija/RA48-2014/lab5/SDK/SDK_Workspace/basic_system_hw_platform/download.bit" 
11:33:07.475 INFO  - FPGA configured successfully with bitstream "C:/materija/RA48-2014/lab5/SDK/SDK_Workspace/basic_system_hw_platform/download.bit" 
11:43:19.466 INFO  - FPGA configured successfully with bitstream "C:/materija/RA48-2014/lab5/SDK/SDK_Workspace/basic_system_hw_platform/download.bit" 
11:44:34.413 INFO  - FPGA configured successfully with bitstream "C:/materija/RA48-2014/lab5/SDK/SDK_Workspace/basic_system_hw_platform/download.bit" 
11:46:41.274 INFO  - FPGA configured successfully with bitstream "C:/materija/RA48-2014/lab5/SDK/SDK_Workspace/basic_system_hw_platform/download.bit" 
11:51:29.279 WARN  - Terminating existing sessions on processor microblaze_0 
11:51:30.621 INFO  - FPGA configured successfully with bitstream "C:/materija/RA48-2014/lab5/SDK/SDK_Workspace/basic_system_hw_platform/download.bit" 
11:51:41.978 INFO  - microblaze_0 Processor is in use. Please stop existing Run or Debug sessions before launching. 
11:51:50.529 ERROR - Unexpected error while launching program. java.lang.RuntimeException: No Active System

	at com.xilinx.sdk.targetmanager.internal.TM.stop(Unknown Source)
	at com.xilinx.sdk.targetmanager.internal.CPURunSession.terminate(Unknown Source)

11:51:59.935 WARN  - Terminating existing sessions on processor microblaze_0 
11:52:15.036 WARN  - Terminating existing sessions on processor microblaze_0 
11:52:28.797 WARN  - Terminating existing sessions on processor microblaze_0 
11:52:45.894 WARN  - Terminating existing sessions on processor microblaze_0 
11:52:48.890 ERROR - Unexpected error while parsing XMD response ?: com.google.gson.JsonSyntaxException: com.google.gson.stream.MalformedJsonException: invalid number or unquoted string near  
11:53:19.271 INFO  - Processing command line option -hwspec C:\materija\RA48-2014\lab5\SDK\SDK_Export\hw\system.xml. 
11:53:36.480 INFO  - FPGA configured successfully with bitstream "C:/materija/RA48-2014/lab5/SDK/SDK_Workspace/basic_system_hw_platform/download.bit" 
11:53:56.684 INFO  - FPGA configured successfully with bitstream "C:/materija/RA48-2014/lab5/SDK/SDK_Workspace/basic_system_hw_platform/download.bit" 
11:55:49.809 WARN  - Terminating existing sessions on processor microblaze_0 
11:55:51.261 INFO  - FPGA configured successfully with bitstream "C:/materija/RA48-2014/lab5/SDK/SDK_Workspace/basic_system_hw_platform/download.bit" 
11:56:35.886 WARN  - Terminating existing sessions on processor microblaze_0 
11:56:37.214 INFO  - FPGA configured successfully with bitstream "C:/materija/RA48-2014/lab5/SDK/SDK_Workspace/basic_system_hw_platform/download.bit" 
11:59:28.416 WARN  - Terminating existing sessions on processor microblaze_0 
11:59:29.744 INFO  - FPGA configured successfully with bitstream "C:/materija/RA48-2014/lab5/SDK/SDK_Workspace/basic_system_hw_platform/download.bit" 
12:00:21.853 WARN  - Terminating existing sessions on processor microblaze_0 
12:00:23.180 INFO  - FPGA configured successfully with bitstream "C:/materija/RA48-2014/lab5/SDK/SDK_Workspace/basic_system_hw_platform/download.bit" 
12:00:28.858 INFO  - microblaze_0 Processor is in use. Please stop existing Run or Debug sessions before launching. 
12:00:32.789 ERROR - Unexpected error while launching program. java.lang.RuntimeException: No Active System

	at com.xilinx.sdk.targetmanager.internal.TM.stop(Unknown Source)
	at com.xilinx.sdk.targetmanager.internal.CPURunSession.terminate(Unknown Source)

12:00:43.352 ERROR - Unexpected error while parsing XMD response ?: com.google.gson.JsonSyntaxException: com.google.gson.stream.MalformedJsonException: invalid number or unquoted string near  
12:00:56.426 INFO  - Processing command line option -hwspec C:\materija\RA48-2014\lab5\SDK\SDK_Export\hw\system.xml. 
12:01:08.143 INFO  - FPGA configured successfully with bitstream "C:/materija/RA48-2014/lab5/SDK/SDK_Workspace/basic_system_hw_platform/download.bit" 
12:02:08.738 WARN  - Terminating existing sessions on processor microblaze_0 
12:02:10.206 INFO  - FPGA configured successfully with bitstream "C:/materija/RA48-2014/lab5/SDK/SDK_Workspace/basic_system_hw_platform/download.bit" 
12:02:35.854 WARN  - Terminating existing sessions on processor microblaze_0 
12:02:37.196 INFO  - FPGA configured successfully with bitstream "C:/materija/RA48-2014/lab5/SDK/SDK_Workspace/basic_system_hw_platform/download.bit" 
12:02:58.259 WARN  - Terminating existing sessions on processor microblaze_0 
12:02:59.462 INFO  - FPGA configured successfully with bitstream "C:/materija/RA48-2014/lab5/SDK/SDK_Workspace/basic_system_hw_platform/download.bit" 
12:03:30.493 WARN  - Terminating existing sessions on processor microblaze_0 
12:03:31.821 INFO  - FPGA configured successfully with bitstream "C:/materija/RA48-2014/lab5/SDK/SDK_Workspace/basic_system_hw_platform/download.bit" 
12:03:58.484 WARN  - Terminating existing sessions on processor microblaze_0 
12:03:59.827 INFO  - FPGA configured successfully with bitstream "C:/materija/RA48-2014/lab5/SDK/SDK_Workspace/basic_system_hw_platform/download.bit" 
12:09:21.515 WARN  - Terminating existing sessions on processor microblaze_0 
12:09:23.108 INFO  - FPGA configured successfully with bitstream "C:/materija/RA48-2014/lab5/SDK/SDK_Workspace/basic_system_hw_platform/download.bit" 
12:09:53.188 WARN  - Terminating existing sessions on processor microblaze_0 
12:09:54.639 INFO  - FPGA configured successfully with bitstream "C:/materija/RA48-2014/lab5/SDK/SDK_Workspace/basic_system_hw_platform/download.bit" 
12:11:11.974 INFO  - FPGA configured successfully with bitstream "C:/materija/RA48-2014/lab5/SDK/SDK_Workspace/basic_system_hw_platform/download.bit" 
12:12:26.114 INFO  - FPGA configured successfully with bitstream "C:/materija/RA48-2014/lab5/SDK/SDK_Workspace/basic_system_hw_platform/download.bit" 
12:13:20.250 INFO  - FPGA configured successfully with bitstream "C:/materija/RA48-2014/lab5/SDK/SDK_Workspace/basic_system_hw_platform/download.bit" 
12:13:50.282 WARN  - Terminating existing sessions on processor microblaze_0 
12:13:51.626 INFO  - FPGA configured successfully with bitstream "C:/materija/RA48-2014/lab5/SDK/SDK_Workspace/basic_system_hw_platform/download.bit" 
12:14:24.122 WARN  - Terminating existing sessions on processor microblaze_0 
12:14:25.497 INFO  - FPGA configured successfully with bitstream "C:/materija/RA48-2014/lab5/SDK/SDK_Workspace/basic_system_hw_platform/download.bit" 
12:15:19.958 WARN  - Terminating existing sessions on processor microblaze_0 
12:15:21.285 INFO  - FPGA configured successfully with bitstream "C:/materija/RA48-2014/lab5/SDK/SDK_Workspace/basic_system_hw_platform/download.bit" 
12:15:31.380 INFO  - microblaze_0 Processor is in use. Please stop existing Run or Debug sessions before launching. 
12:15:42.846 WARN  - Terminating existing sessions on processor microblaze_0 
12:15:45.795 ERROR - Unexpected error while parsing XMD response ?: com.google.gson.JsonSyntaxException: com.google.gson.stream.MalformedJsonException: invalid number or unquoted string near  
12:16:05.656 INFO  - Processing command line option -hwspec C:\materija\RA48-2014\lab5\SDK\SDK_Export\hw\system.xml. 
12:16:18.919 INFO  - FPGA configured successfully with bitstream "C:/materija/RA48-2014/lab5/SDK/SDK_Workspace/basic_system_hw_platform/download.bit" 
12:16:56.394 WARN  - Terminating existing sessions on processor microblaze_0 
12:16:57.752 INFO  - FPGA configured successfully with bitstream "C:/materija/RA48-2014/lab5/SDK/SDK_Workspace/basic_system_hw_platform/download.bit" 
12:17:36.754 WARN  - Terminating existing sessions on processor microblaze_0 
12:17:38.081 INFO  - FPGA configured successfully with bitstream "C:/materija/RA48-2014/lab5/SDK/SDK_Workspace/basic_system_hw_platform/download.bit" 
12:18:08.988 INFO  - microblaze_0 Processor is in use. Please stop existing Run or Debug sessions before launching. 
12:18:15.946 WARN  - Terminating existing sessions on processor microblaze_0 
12:18:17.195 INFO  - FPGA configured successfully with bitstream "C:/materija/RA48-2014/lab5/SDK/SDK_Workspace/basic_system_hw_platform/download.bit" 
12:18:35.605 WARN  - Terminating existing sessions on processor microblaze_0 
12:18:36.854 INFO  - FPGA configured successfully with bitstream "C:/materija/RA48-2014/lab5/SDK/SDK_Workspace/basic_system_hw_platform/download.bit" 
12:18:42.501 INFO  - microblaze_0 Processor is in use. Please stop existing Run or Debug sessions before launching. 
12:18:48.400 WARN  - Terminating existing sessions on processor microblaze_0 
12:18:51.301 ERROR - Unexpected error while parsing XMD response ?: com.google.gson.JsonSyntaxException: com.google.gson.stream.MalformedJsonException: invalid number or unquoted string near  
12:19:01.739 INFO  - Processing command line option -hwspec C:\materija\RA48-2014\lab5\SDK\SDK_Export\hw\system.xml. 
